<?xml version="1.0" encoding="UTF-8"?>
<testng-results ignored="0" total="1" passed="1" failed="0" skipped="0">
  <reporter-output>
  </reporter-output>
  <suite started-at="2022-12-29T10:59:33 IST" name="Default suite" finished-at="2022-12-29T10:59:45 IST" duration-ms="12316">
    <groups>
    </groups>
    <test started-at="2022-12-29T10:59:33 IST" name="Default test" finished-at="2022-12-29T10:59:45 IST" duration-ms="12316">
      <class name="com.qa.testcases.HomePageTest">
        <test-method is-config="true" signature="setUp()[pri:0, instance:com.qa.testcases.HomePageTest@47faa49c]" started-at="2022-12-29T10:59:33 IST" name="setUp" finished-at="2022-12-29T10:59:38 IST" duration-ms="4528" status="PASS">
          <reporter-output>
          </reporter-output>
        </test-method> <!-- setUp -->
        <test-method signature="loginPageTitleTest()[pri:1, instance:com.qa.testcases.HomePageTest@47faa49c]" started-at="2022-12-29T10:59:38 IST" name="loginPageTitleTest" finished-at="2022-12-29T10:59:45 IST" duration-ms="7705" status="PASS">
          <reporter-output>
          </reporter-output>
        </test-method> <!-- loginPageTitleTest -->
        <test-method is-config="true" signature="tearDown()[pri:0, instance:com.qa.testcases.HomePageTest@47faa49c]" started-at="2022-12-29T10:59:45 IST" name="tearDown" finished-at="2022-12-29T10:59:45 IST" duration-ms="1" status="PASS">
          <reporter-output>
          </reporter-output>
        </test-method> <!-- tearDown -->
      </class> <!-- com.qa.testcases.HomePageTest -->
    </test> <!-- Default test -->
  </suite> <!-- Default suite -->
</testng-results>
